<?xml version="1.0" encoding="UTF-8"?>
<!-- Generated by org.testng.reporters.JUnitReportReporter -->
<testsuite hostname="DESKTOP-LVTVGOH" failures="0" tests="1" name="test.LoginTest" time="5.231" errors="0" timestamp="2024-03-26T21:34:25 IST" skipped="0">
  <testcase classname="test.LoginTest" name="verifyLogin" time="5.231"/>
  <system-out/>
</testsuite> <!-- test.LoginTest -->
