<?xml version="1.0" encoding="UTF-8"?>
<!-- Generated by org.testng.reporters.JUnitReportReporter -->
<testsuite hostname="DESKTOP-LVTVGOH" failures="0" tests="1" name="test.LoginTest" time="13.240" errors="0" timestamp="2024-03-27T19:36:31 IST" skipped="0">
  <testcase classname="test.LoginTest" name="verifyLogin" time="13.240"/>
  <system-out/>
</testsuite> <!-- test.LoginTest -->
