<?xml version="1.0" encoding="UTF-8"?>
<!-- Generated by org.testng.reporters.JUnitReportReporter -->
<testsuite hostname="DESKTOP-LVTVGOH" failures="0" tests="1" name="test.BaseTest" time="5.523" errors="0" timestamp="2024-03-06T20:28:09 IST" skipped="0">
  <testcase classname="test.BaseTest" name="f" time="5.523"/>
  <system-out/>
</testsuite> <!-- test.BaseTest -->
