<?xml version="1.0" encoding="UTF-8"?>
<!-- Generated by org.testng.reporters.JUnitReportReporter -->
<testsuite hostname="DESKTOP-LVTVGOH" failures="0" tests="4" name="test.ProjectsTest" time="25.172" errors="0" timestamp="2024-03-26T22:12:21 IST" skipped="0">
  <testcase classname="test.ProjectsTest" name="verifyProjectsCreation" time="5.989"/>
  <system-out/>
  <testcase classname="test.ProjectsTest" name="verifySearchProjects" time="6.107"/>
  <system-out/>
  <testcase classname="test.ProjectsTest" name="verifyEditProjects" time="6.678"/>
  <system-out/>
  <testcase classname="test.ProjectsTest" name="verifyDeletecProjects" time="6.398"/>
  <system-out/>
</testsuite> <!-- test.ProjectsTest -->
