<?xml version="1.0" encoding="UTF-8"?>
<!-- Generated by org.testng.reporters.JUnitReportReporter -->
<testsuite hostname="DESKTOP-LVTVGOH" failures="0" tests="4" name="test.ProjectsTest" time="24.792" errors="0" timestamp="2024-03-26T22:21:22 IST" skipped="0">
  <testcase classname="test.ProjectsTest" name="verifyProjectsCreation" time="6.322"/>
  <system-out/>
  <testcase classname="test.ProjectsTest" name="verifySearchProjects" time="5.993"/>
  <system-out/>
  <testcase classname="test.ProjectsTest" name="verifyEditProjects" time="7.294"/>
  <system-out/>
  <testcase classname="test.ProjectsTest" name="verifyDeletecProjects" time="5.183"/>
  <system-out/>
</testsuite> <!-- test.ProjectsTest -->
