<?xml version="1.0" encoding="UTF-8"?>
<!-- Generated by org.testng.reporters.JUnitReportReporter -->
<testsuite hostname="DESKTOP-LVTVGOH" failures="0" tests="4" name="test.NotesTest" time="31.546" errors="0" timestamp="2024-03-25T11:15:46 IST" skipped="0">
  <testcase classname="test.NotesTest" name="verifyNotesCreation" time="7.001"/>
  <system-out/>
  <testcase classname="test.NotesTest" name="verifySearchNote" time="6.749"/>
  <system-out/>
  <testcase classname="test.NotesTest" name="verifyEditedNote" time="8.956"/>
  <system-out/>
  <testcase classname="test.NotesTest" name="verifyDeleteNote" time="8.840"/>
  <system-out/>
</testsuite> <!-- test.NotesTest -->
