<?xml version="1.0" encoding="UTF-8"?>
<!-- Generated by org.testng.reporters.JUnitReportReporter -->
<testsuite hostname="DESKTOP-LVTVGOH" failures="0" tests="4" name="test.ProjectsTest" time="23.406" errors="0" timestamp="2024-03-26T21:34:25 IST" skipped="0">
  <testcase classname="test.ProjectsTest" name="verifyProjectsCreation" time="5.891"/>
  <system-out/>
  <testcase classname="test.ProjectsTest" name="verifySearchProjects" time="5.178"/>
  <system-out/>
  <testcase classname="test.ProjectsTest" name="verifyEditProjects" time="6.892"/>
  <system-out/>
  <testcase classname="test.ProjectsTest" name="verifyDeletecProjects" time="5.445"/>
  <system-out/>
</testsuite> <!-- test.ProjectsTest -->
