<?xml version="1.0" encoding="UTF-8"?>
<!-- Generated by org.testng.reporters.JUnitReportReporter -->
<testsuite hostname="DESKTOP-LVTVGOH" failures="0" tests="4" name="test.NotesTest" time="22.223" errors="0" timestamp="2024-03-26T22:19:58 IST" skipped="0">
  <testcase classname="test.NotesTest" name="verifyNotesCreation" time="5.408"/>
  <system-out/>
  <testcase classname="test.NotesTest" name="verifySearchNote" time="6.641"/>
  <system-out/>
  <testcase classname="test.NotesTest" name="verifyEditedNote" time="5.081"/>
  <system-out/>
  <testcase classname="test.NotesTest" name="verifyDeleteNote" time="5.093"/>
  <system-out/>
</testsuite> <!-- test.NotesTest -->
