<?xml version="1.0" encoding="UTF-8"?>
<!-- Generated by org.testng.reporters.JUnitReportReporter -->
<testsuite hostname="DESKTOP-LVTVGOH" failures="0" tests="4" name="test.ProjectsTest" time="33.357" errors="0" timestamp="2024-03-25T11:15:47 IST" skipped="0">
  <testcase classname="test.ProjectsTest" name="verifyProjectsCreation" time="7.621"/>
  <system-out/>
  <testcase classname="test.ProjectsTest" name="verifySearchProjects" time="9.140"/>
  <system-out/>
  <testcase classname="test.ProjectsTest" name="verifyEditProjects" time="8.539"/>
  <system-out/>
  <testcase classname="test.ProjectsTest" name="verifyDeletecProjects" time="8.057"/>
  <system-out/>
</testsuite> <!-- test.ProjectsTest -->
