<?xml version="1.0" encoding="UTF-8"?>
<!-- Generated by org.testng.reporters.JUnitReportReporter -->
<testsuite hostname="DESKTOP-LVTVGOH" failures="0" tests="4" name="test.NotesTest" time="19.047" errors="0" timestamp="2024-03-26T21:34:25 IST" skipped="0">
  <testcase classname="test.NotesTest" name="verifyNotesCreation" time="4.768"/>
  <system-out/>
  <testcase classname="test.NotesTest" name="verifySearchNote" time="4.007"/>
  <system-out/>
  <testcase classname="test.NotesTest" name="verifyEditedNote" time="5.001"/>
  <system-out/>
  <testcase classname="test.NotesTest" name="verifyDeleteNote" time="5.271"/>
  <system-out/>
</testsuite> <!-- test.NotesTest -->
