<?xml version="1.0" encoding="UTF-8"?>
<!-- Generated by org.testng.reporters.JUnitReportReporter -->
<testsuite hostname="DESKTOP-LVTVGOH" failures="0" tests="4" name="test.NotesTest" time="26.251" errors="0" timestamp="2024-03-26T20:34:33 IST" skipped="0">
  <testcase classname="test.NotesTest" name="verifyNotesCreation" time="6.116"/>
  <system-out/>
  <testcase classname="test.NotesTest" name="verifySearchNote" time="6.867"/>
  <system-out/>
  <testcase classname="test.NotesTest" name="verifyEditedNote" time="7.128"/>
  <system-out/>
  <testcase classname="test.NotesTest" name="verifyDeleteNote" time="6.140"/>
  <system-out/>
</testsuite> <!-- test.NotesTest -->
