<?xml version="1.0" encoding="UTF-8"?>
<!-- Generated by org.testng.reporters.JUnitReportReporter -->
<testsuite hostname="DESKTOP-LVTVGOH" failures="0" tests="4" name="test.ProjectsTest" time="42.277" errors="0" timestamp="2024-03-27T19:36:31 IST" skipped="0">
  <testcase classname="test.ProjectsTest" name="verifyProjectsCreation" time="8.099"/>
  <system-out/>
  <testcase classname="test.ProjectsTest" name="verifySearchProjects" time="9.365"/>
  <system-out/>
  <testcase classname="test.ProjectsTest" name="verifyEditProjects" time="12.093"/>
  <system-out/>
  <testcase classname="test.ProjectsTest" name="verifyDeletecProjects" time="12.720"/>
  <system-out/>
</testsuite> <!-- test.ProjectsTest -->
