<?xml version="1.0" encoding="UTF-8"?>
<!-- Generated by org.testng.reporters.JUnitReportReporter -->
<testsuite hostname="DESKTOP-LVTVGOH" failures="0" tests="2" name="test.ClientsTest" time="10.913" errors="0" timestamp="2024-03-26T21:34:25 IST" skipped="0">
  <testcase classname="test.ClientsTest" name="verifyAddClients" time="6.593"/>
  <system-out/>
  <testcase classname="test.ClientsTest" name="verifySearchClient" time="4.320"/>
  <system-out/>
</testsuite> <!-- test.ClientsTest -->
