<?xml version="1.0" encoding="UTF-8"?>
<!-- Generated by org.testng.reporters.JUnitReportReporter -->
<testsuite hostname="DESKTOP-LVTVGOH" failures="0" tests="2" name="test.ClientsTest" time="11.638" errors="0" timestamp="2024-03-26T22:20:37 IST" skipped="0">
  <testcase classname="test.ClientsTest" name="verifySearchClient" time="4.936"/>
  <system-out/>
  <testcase classname="test.ClientsTest" name="verifyAddClients" time="6.702"/>
  <system-out/>
</testsuite> <!-- test.ClientsTest -->
