<?xml version="1.0" encoding="UTF-8"?>
<!-- Generated by org.testng.reporters.JUnitReportReporter -->
<testsuite hostname="DESKTOP-LVTVGOH" failures="0" tests="1" name="test.NotesTest" time="5.617" errors="0" timestamp="2024-03-26T20:55:05 IST" skipped="0">
  <testcase classname="test.NotesTest" name="verifySearchNote" time="5.617"/>
  <system-out/>
</testsuite> <!-- test.NotesTest -->
