<?xml version="1.0" encoding="UTF-8"?>
<!-- Generated by org.testng.reporters.JUnitReportReporter -->
<testsuite hostname="DESKTOP-LVTVGOH" failures="0" tests="1" name="test.ProjectsTest" time="8.906" errors="0" timestamp="2024-03-26T21:59:19 IST" skipped="0">
  <testcase classname="test.ProjectsTest" name="verifySearchProjects" time="8.906"/>
  <system-out/>
</testsuite> <!-- test.ProjectsTest -->
