<?xml version="1.0" encoding="UTF-8"?>
<!-- Generated by org.testng.reporters.JUnitReportReporter -->
<testsuite hostname="DESKTOP-LVTVGOH" failures="0" tests="2" name="test.ClientsTest" time="34.243" errors="0" timestamp="2024-03-27T19:36:31 IST" skipped="0">
  <testcase classname="test.ClientsTest" name="verifyAddClients" time="25.563"/>
  <system-out/>
  <testcase classname="test.ClientsTest" name="verifySearchClient" time="8.680"/>
  <system-out/>
</testsuite> <!-- test.ClientsTest -->
