<?xml version="1.0" encoding="UTF-8"?>
<!-- Generated by org.testng.reporters.JUnitReportReporter -->
<testsuite hostname="DESKTOP-LVTVGOH" failures="0" tests="4" name="test.NotesTest" time="45.348" errors="0" timestamp="2024-03-27T19:36:31 IST" skipped="0">
  <testcase classname="test.NotesTest" name="verifyNotesCreation" time="11.064"/>
  <system-out/>
  <testcase classname="test.NotesTest" name="verifySearchNote" time="11.867"/>
  <system-out/>
  <testcase classname="test.NotesTest" name="verifyEditedNote" time="9.393"/>
  <system-out/>
  <testcase classname="test.NotesTest" name="verifyDeleteNote" time="13.024"/>
  <system-out/>
</testsuite> <!-- test.NotesTest -->
