<?xml version="1.0" encoding="UTF-8"?>
<!-- Generated by org.testng.reporters.JUnitReportReporter -->
<testsuite hostname="DESKTOP-LVTVGOH" failures="0" tests="2" name="test.ClientsTest" time="16.975" errors="0" timestamp="2024-03-25T11:15:47 IST" skipped="0">
  <testcase classname="test.ClientsTest" name="verifyAddClients" time="9.537"/>
  <system-out/>
  <testcase classname="test.ClientsTest" name="verifySearchClient" time="7.438"/>
  <system-out/>
</testsuite> <!-- test.ClientsTest -->
